2025-10-31 15:55:11.962 ERROR org.example.App - 应用启动失败 | NullPointerException: Cannot invoke "javafx.scene.Scene.getStylesheets()" because "<local5>" is null
java.lang.NullPointerException: Cannot invoke "javafx.scene.Scene.getStylesheets()" because "<local5>" is null
	at javafx.controls/javafx.scene.control.HeavyweightDialog.updateStageBindings(HeavyweightDialog.java:333)
	at javafx.controls/javafx.scene.control.HeavyweightDialog.initOwner(HeavyweightDialog.java:123)
	at javafx.controls/javafx.scene.control.Dialog.initOwner(Dialog.java:485)
	at org.example.DataLoader.showStartupDialog(DataLoader.java:99)
	at org.example.DataLoader.initializeData(DataLoader.java:44)
	at org.example.App.start(App.java:47)
	at javafx.graphics/com.sun.javafx.application.LauncherImpl.lambda$launchApplication1$9(LauncherImpl.java:847)
	at javafx.graphics/com.sun.javafx.application.PlatformImpl.lambda$runAndWait$12(PlatformImpl.java:484)
	at javafx.graphics/com.sun.javafx.application.PlatformImpl.lambda$runLater$10(PlatformImpl.java:457)
	at java.base/java.security.AccessController.doPrivileged(AccessController.java:399)
	at javafx.graphics/com.sun.javafx.application.PlatformImpl.lambda$runLater$11(PlatformImpl.java:456)
	at javafx.graphics/com.sun.glass.ui.InvokeLaterDispatcher$Future.run(InvokeLaterDispatcher.java:96)
	at javafx.graphics/com.sun.glass.ui.win.WinApplication._runLoop(Native Method)
	at javafx.graphics/com.sun.glass.ui.win.WinApplication.lambda$runLoop$3(WinApplication.java:184)
	at java.base/java.lang.Thread.run(Thread.java:842)

2025-10-31 19:11:27.503 DEBUG org.example.DataLoader - 使用随机数据构建源文件
2025-10-31 19:11:27.518 ERROR org.example.BuildNull - buid_null 构建失败 | StringIndexOutOfBoundsException: String index out of range: 24777
java.lang.StringIndexOutOfBoundsException: String index out of range: 24777
	at java.base/java.lang.StringLatin1.charAt(StringLatin1.java:48)
	at java.base/java.lang.String.charAt(String.java:1519)
	at org.example.BuildNull.getEmbeddedFile(BuildNull.java:52)
	at org.example.BuildNull.build(BuildNull.java:190)
	at org.example.DataLoader.initializeData(DataLoader.java:68)
	at org.example.App.start(App.java:52)
	at javafx.graphics/com.sun.javafx.application.LauncherImpl.lambda$launchApplication1$9(LauncherImpl.java:847)
	at javafx.graphics/com.sun.javafx.application.PlatformImpl.lambda$runAndWait$12(PlatformImpl.java:484)
	at javafx.graphics/com.sun.javafx.application.PlatformImpl.lambda$runLater$10(PlatformImpl.java:457)
	at java.base/java.security.AccessController.doPrivileged(AccessController.java:399)
	at javafx.graphics/com.sun.javafx.application.PlatformImpl.lambda$runLater$11(PlatformImpl.java:456)
	at javafx.graphics/com.sun.glass.ui.InvokeLaterDispatcher$Future.run(InvokeLaterDispatcher.java:96)
	at javafx.graphics/com.sun.glass.ui.win.WinApplication._runLoop(Native Method)
	at javafx.graphics/com.sun.glass.ui.win.WinApplication.lambda$runLoop$3(WinApplication.java:184)
	at java.base/java.lang.Thread.run(Thread.java:842)

2025-10-31 19:11:27.754 ERROR org.example.BuildList - 源文件不存在: path_to_your_file.xlsx
2025-10-31 19:11:28.786 INFO  org.example.TemplateInitializer - 初始化 newFile.xlsx 模板成功
2025-10-31 19:11:28.826 INFO  org.example.TemplateInitializer - 初始化 Build_Summary.xlsx 模板成功
2025-10-31 19:11:29.299 DEBUG org.example.StartupIntegrityChecker - 文件存在性: summary=true newFile=true db=true
2025-10-31 19:11:29.303 WARN  org.example.StartupIntegrityChecker - 学生列表为空或未加载
2025-10-31 19:11:29.303 DEBUG org.example.StartupIntegrityChecker - 已存在记录学生数=0 其中已全部录入=0 (recordMap size可能 > 统计数)
2025-10-31 19:11:29.303 INFO  org.example.StartupIntegrityChecker - 启动完整性检查完成
2025-10-31 19:39:08.886 DEBUG org.example.DataLoader - 使用随机数据构建源文件
2025-10-31 19:39:08.891 WARN  org.example.BuildNull - 嵌入十六进制数据缺失/占位，使用回退空工作簿。
2025-10-31 19:39:09.518 WARN  org.example.BuildNull - 使用回退空工作簿生成随机数据（请替换占位十六进制内容以恢复原始嵌入文件）。
2025-10-31 19:39:09.773 DEBUG org.example.BuildNull - 已填充 行1 列7: 黄秀英 并保存。
2025-10-31 19:39:09.796 DEBUG org.example.BuildNull - 已填充 行2 列7: 周军 并保存。
2025-10-31 19:39:09.811 DEBUG org.example.BuildNull - 已填充 行3 列7: 杨军 并保存。
2025-10-31 19:39:09.831 DEBUG org.example.BuildNull - 已填充 行4 列7: 张秀英 并保存。
2025-10-31 19:39:09.848 DEBUG org.example.BuildNull - 已填充 行5 列7: 赵磊 并保存。
2025-10-31 19:39:09.863 DEBUG org.example.BuildNull - 已填充 行6 列7: 刘丽 并保存。
2025-10-31 19:39:09.883 DEBUG org.example.BuildNull - 已填充 行7 列7: 杨伟 并保存。
2025-10-31 19:39:09.902 DEBUG org.example.BuildNull - 已填充 行8 列7: 李磊 并保存。
2025-10-31 19:39:09.916 DEBUG org.example.BuildNull - 已填充 行9 列7: 张静 并保存。
2025-10-31 19:39:09.930 DEBUG org.example.BuildNull - 已填充 行10 列7: 吴伟 并保存。
2025-10-31 19:39:09.944 DEBUG org.example.BuildNull - 已填充 行1 列8: 移动互联1741 并保存。
2025-10-31 19:39:09.962 DEBUG org.example.BuildNull - 已填充 行2 列8: 网络4054 并保存。
2025-10-31 19:39:09.974 DEBUG org.example.BuildNull - 已填充 行3 列8: 移动互联2053 并保存。
2025-10-31 19:39:09.994 DEBUG org.example.BuildNull - 已填充 行4 列8: 物联网6678 并保存。
2025-10-31 19:39:10.010 DEBUG org.example.BuildNull - 已填充 行5 列8: 网络2439 并保存。
2025-10-31 19:39:10.026 DEBUG org.example.BuildNull - 已填充 行6 列8: 信安6985 并保存。
2025-10-31 19:39:10.044 DEBUG org.example.BuildNull - 已填充 行7 列8: 信安2157 并保存。
2025-10-31 19:39:10.057 DEBUG org.example.BuildNull - 已填充 行8 列8: 物联网9661 并保存。
2025-10-31 19:39:10.072 DEBUG org.example.BuildNull - 已填充 行9 列8: 网络7323 并保存。
2025-10-31 19:39:10.084 DEBUG org.example.BuildNull - 已填充 行10 列8: 物联网1197 并保存。
2025-10-31 19:39:10.098 DEBUG org.example.BuildNull - 已填充 行1 列9: 48800437647 并保存。
2025-10-31 19:39:10.112 DEBUG org.example.BuildNull - 已填充 行2 列9: 81580221936 并保存。
2025-10-31 19:39:10.127 DEBUG org.example.BuildNull - 已填充 行3 列9: 49995911849 并保存。
2025-10-31 19:39:10.138 DEBUG org.example.BuildNull - 已填充 行4 列9: 22530207066 并保存。
2025-10-31 19:39:10.150 DEBUG org.example.BuildNull - 已填充 行5 列9: 1607684303 并保存。
2025-10-31 19:39:10.161 DEBUG org.example.BuildNull - 已填充 行6 列9: 99413574865 并保存。
2025-10-31 19:39:10.172 DEBUG org.example.BuildNull - 已填充 行7 列9: 37340800427 并保存。
2025-10-31 19:39:10.182 DEBUG org.example.BuildNull - 已填充 行8 列9: 45654847412 并保存。
2025-10-31 19:39:10.192 DEBUG org.example.BuildNull - 已填充 行9 列9: 83606785562 并保存。
2025-10-31 19:39:10.206 DEBUG org.example.BuildNull - 已填充 行10 列9: 11304498738 并保存。
2025-10-31 19:39:10.382 INFO  org.example.BuildNull - buid_null: 构建完成。
2025-10-31 19:39:10.760 WARN  org.example.BuildList - 基础列缺失，尝试按位置回退 (7=姓名,8=班级,9=学号)
2025-10-31 19:39:10.855 INFO  org.example.BuildList - BuildList: 汇总完成 -> Build_Summary.xlsx
2025-10-31 19:39:11.221 DEBUG org.example.StartupIntegrityChecker - 文件存在性: summary=true newFile=true db=true
2025-10-31 19:39:11.229 DEBUG org.example.StartupIntegrityChecker - 已加载学生数量=9 累计奖项数量=59
2025-10-31 19:39:11.230 DEBUG org.example.StartupIntegrityChecker - 已存在记录学生数=0 其中已全部录入=0 (recordMap size可能 > 统计数)
2025-10-31 19:39:11.230 INFO  org.example.StartupIntegrityChecker - 启动完整性检查完成
2025-10-31 19:45:16.704 DEBUG org.example.DataLoader - 使用随机数据构建源文件
2025-10-31 19:45:16.931 ERROR org.example.BuildNull - buid_null 构建失败 | NotOfficeXmlFileException: No valid entries or contents found, this is not a valid OOXML (Office Open XML) file
org.apache.poi.openxml4j.exceptions.NotOfficeXmlFileException: No valid entries or contents found, this is not a valid OOXML (Office Open XML) file
	at org.apache.poi.openxml4j.util.ZipArchiveThresholdInputStream.getNextEntry(ZipArchiveThresholdInputStream.java:159)
	at org.apache.poi.openxml4j.util.ZipInputStreamZipEntrySource.<init>(ZipInputStreamZipEntrySource.java:94)
	at org.apache.poi.openxml4j.opc.ZipPackage.<init>(ZipPackage.java:157)
	at org.apache.poi.openxml4j.opc.OPCPackage.open(OPCPackage.java:351)
	at org.apache.poi.ooxml.util.PackageHelper.open(PackageHelper.java:64)
	at org.apache.poi.xssf.usermodel.XSSFWorkbook.<init>(XSSFWorkbook.java:313)
	at org.apache.poi.xssf.usermodel.XSSFWorkbook.<init>(XSSFWorkbook.java:287)
	at org.example.BuildNull.build(BuildNull.java:95)
	at org.example.DataLoader.initializeData(DataLoader.java:68)
	at org.example.App.start(App.java:52)
	at javafx.graphics/com.sun.javafx.application.LauncherImpl.lambda$launchApplication1$9(LauncherImpl.java:847)
	at javafx.graphics/com.sun.javafx.application.PlatformImpl.lambda$runAndWait$12(PlatformImpl.java:484)
	at javafx.graphics/com.sun.javafx.application.PlatformImpl.lambda$runLater$10(PlatformImpl.java:457)
	at java.base/java.security.AccessController.doPrivileged(AccessController.java:399)
	at javafx.graphics/com.sun.javafx.application.PlatformImpl.lambda$runLater$11(PlatformImpl.java:456)
	at javafx.graphics/com.sun.glass.ui.InvokeLaterDispatcher$Future.run(InvokeLaterDispatcher.java:96)
	at javafx.graphics/com.sun.glass.ui.win.WinApplication._runLoop(Native Method)
	at javafx.graphics/com.sun.glass.ui.win.WinApplication.lambda$runLoop$3(WinApplication.java:184)
	at java.base/java.lang.Thread.run(Thread.java:842)
Caused by: java.util.zip.ZipException: Unexpected record signature: 0xd2849280
	at org.apache.commons.compress.archivers.zip.ZipArchiveInputStream.getNextZipEntry(ZipArchiveInputStream.java:770)
	at org.apache.poi.openxml4j.util.ZipArchiveThresholdInputStream.getNextEntry(ZipArchiveThresholdInputStream.java:150)
	... 18 more

2025-10-31 19:45:17.167 ERROR org.example.BuildList - 源文件不存在: path_to_your_file.xlsx
2025-10-31 19:45:18.279 INFO  org.example.TemplateInitializer - 初始化 newFile.xlsx 模板成功
2025-10-31 19:45:18.365 INFO  org.example.TemplateInitializer - 初始化 Build_Summary.xlsx 模板成功
2025-10-31 19:45:18.823 DEBUG org.example.StartupIntegrityChecker - 文件存在性: summary=true newFile=true db=true
2025-10-31 19:45:18.826 WARN  org.example.StartupIntegrityChecker - 学生列表为空或未加载
2025-10-31 19:45:18.826 DEBUG org.example.StartupIntegrityChecker - 已存在记录学生数=0 其中已全部录入=0 (recordMap size可能 > 统计数)
2025-10-31 19:45:18.826 INFO  org.example.StartupIntegrityChecker - 启动完整性检查完成
2025-10-31 19:45:31.156 DEBUG org.example.DataLoader - 使用随机数据构建源文件
2025-10-31 19:45:31.379 ERROR org.example.BuildNull - buid_null 构建失败 | NotOfficeXmlFileException: No valid entries or contents found, this is not a valid OOXML (Office Open XML) file
org.apache.poi.openxml4j.exceptions.NotOfficeXmlFileException: No valid entries or contents found, this is not a valid OOXML (Office Open XML) file
	at org.apache.poi.openxml4j.util.ZipArchiveThresholdInputStream.getNextEntry(ZipArchiveThresholdInputStream.java:159)
	at org.apache.poi.openxml4j.util.ZipInputStreamZipEntrySource.<init>(ZipInputStreamZipEntrySource.java:94)
	at org.apache.poi.openxml4j.opc.ZipPackage.<init>(ZipPackage.java:157)
	at org.apache.poi.openxml4j.opc.OPCPackage.open(OPCPackage.java:351)
	at org.apache.poi.ooxml.util.PackageHelper.open(PackageHelper.java:64)
	at org.apache.poi.xssf.usermodel.XSSFWorkbook.<init>(XSSFWorkbook.java:313)
	at org.apache.poi.xssf.usermodel.XSSFWorkbook.<init>(XSSFWorkbook.java:287)
	at org.example.BuildNull.build(BuildNull.java:95)
	at org.example.DataLoader.initializeData(DataLoader.java:68)
	at org.example.App.start(App.java:52)
	at javafx.graphics/com.sun.javafx.application.LauncherImpl.lambda$launchApplication1$9(LauncherImpl.java:847)
	at javafx.graphics/com.sun.javafx.application.PlatformImpl.lambda$runAndWait$12(PlatformImpl.java:484)
	at javafx.graphics/com.sun.javafx.application.PlatformImpl.lambda$runLater$10(PlatformImpl.java:457)
	at java.base/java.security.AccessController.doPrivileged(AccessController.java:399)
	at javafx.graphics/com.sun.javafx.application.PlatformImpl.lambda$runLater$11(PlatformImpl.java:456)
	at javafx.graphics/com.sun.glass.ui.InvokeLaterDispatcher$Future.run(InvokeLaterDispatcher.java:96)
	at javafx.graphics/com.sun.glass.ui.win.WinApplication._runLoop(Native Method)
	at javafx.graphics/com.sun.glass.ui.win.WinApplication.lambda$runLoop$3(WinApplication.java:184)
	at java.base/java.lang.Thread.run(Thread.java:842)
Caused by: java.util.zip.ZipException: Unexpected record signature: 0xd2849280
	at org.apache.commons.compress.archivers.zip.ZipArchiveInputStream.getNextZipEntry(ZipArchiveInputStream.java:770)
	at org.apache.poi.openxml4j.util.ZipArchiveThresholdInputStream.getNextEntry(ZipArchiveThresholdInputStream.java:150)
	... 18 more

2025-10-31 19:45:31.613 ERROR org.example.BuildList - 源文件不存在: path_to_your_file.xlsx
2025-10-31 19:45:32.495 DEBUG org.example.StartupIntegrityChecker - 文件存在性: summary=true newFile=true db=true
2025-10-31 19:45:32.498 WARN  org.example.StartupIntegrityChecker - 学生列表为空或未加载
2025-10-31 19:45:32.499 DEBUG org.example.StartupIntegrityChecker - 已存在记录学生数=0 其中已全部录入=0 (recordMap size可能 > 统计数)
2025-10-31 19:45:32.500 INFO  org.example.StartupIntegrityChecker - 启动完整性检查完成
2025-10-31 19:48:08.673 ERROR org.example.BuildNull - buid_null 构建失败 | NotOfficeXmlFileException: No valid entries or contents found, this is not a valid OOXML (Office Open XML) file
org.apache.poi.openxml4j.exceptions.NotOfficeXmlFileException: No valid entries or contents found, this is not a valid OOXML (Office Open XML) file
	at org.apache.poi.openxml4j.util.ZipArchiveThresholdInputStream.getNextEntry(ZipArchiveThresholdInputStream.java:159)
	at org.apache.poi.openxml4j.util.ZipInputStreamZipEntrySource.<init>(ZipInputStreamZipEntrySource.java:94)
	at org.apache.poi.openxml4j.opc.ZipPackage.<init>(ZipPackage.java:157)
	at org.apache.poi.openxml4j.opc.OPCPackage.open(OPCPackage.java:351)
	at org.apache.poi.ooxml.util.PackageHelper.open(PackageHelper.java:64)
	at org.apache.poi.xssf.usermodel.XSSFWorkbook.<init>(XSSFWorkbook.java:313)
	at org.apache.poi.xssf.usermodel.XSSFWorkbook.<init>(XSSFWorkbook.java:287)
	at org.example.BuildNull.build(BuildNull.java:95)
	at org.example.BuildNull.main(BuildNull.java:269)
Caused by: java.util.zip.ZipException: Unexpected record signature: 0xd2849280
	at org.apache.commons.compress.archivers.zip.ZipArchiveInputStream.getNextZipEntry(ZipArchiveInputStream.java:770)
	at org.apache.poi.openxml4j.util.ZipArchiveThresholdInputStream.getNextEntry(ZipArchiveThresholdInputStream.java:150)
	... 8 more

2025-10-31 19:48:23.777 ERROR org.example.BuildNull - buid_null 构建失败 | NotOfficeXmlFileException: No valid entries or contents found, this is not a valid OOXML (Office Open XML) file
org.apache.poi.openxml4j.exceptions.NotOfficeXmlFileException: No valid entries or contents found, this is not a valid OOXML (Office Open XML) file
	at org.apache.poi.openxml4j.util.ZipArchiveThresholdInputStream.getNextEntry(ZipArchiveThresholdInputStream.java:159)
	at org.apache.poi.openxml4j.util.ZipInputStreamZipEntrySource.<init>(ZipInputStreamZipEntrySource.java:94)
	at org.apache.poi.openxml4j.opc.ZipPackage.<init>(ZipPackage.java:157)
	at org.apache.poi.openxml4j.opc.OPCPackage.open(OPCPackage.java:351)
	at org.apache.poi.ooxml.util.PackageHelper.open(PackageHelper.java:64)
	at org.apache.poi.xssf.usermodel.XSSFWorkbook.<init>(XSSFWorkbook.java:313)
	at org.apache.poi.xssf.usermodel.XSSFWorkbook.<init>(XSSFWorkbook.java:287)
	at org.example.BuildNull.build(BuildNull.java:95)
	at org.example.BuildNull.main(BuildNull.java:269)
Caused by: java.util.zip.ZipException: Unexpected record signature: 0xd2849280
	at org.apache.commons.compress.archivers.zip.ZipArchiveInputStream.getNextZipEntry(ZipArchiveInputStream.java:770)
	at org.apache.poi.openxml4j.util.ZipArchiveThresholdInputStream.getNextEntry(ZipArchiveThresholdInputStream.java:150)
	... 8 more

2025-10-31 20:04:39.628 INFO  org.example.BuildNull - 已复制模板生成目标: path_to_your_file.xlsx
2025-10-31 20:04:39.871 ERROR org.example.BuildNull - 构建流程失败 | NotOfficeXmlFileException: No valid entries or contents found, this is not a valid OOXML (Office Open XML) file
org.apache.poi.openxml4j.exceptions.NotOfficeXmlFileException: No valid entries or contents found, this is not a valid OOXML (Office Open XML) file
	at org.apache.poi.openxml4j.util.ZipArchiveThresholdInputStream.getNextEntry(ZipArchiveThresholdInputStream.java:159)
	at org.apache.poi.openxml4j.util.ZipInputStreamZipEntrySource.<init>(ZipInputStreamZipEntrySource.java:94)
	at org.apache.poi.openxml4j.opc.ZipPackage.<init>(ZipPackage.java:157)
	at org.apache.poi.openxml4j.opc.OPCPackage.open(OPCPackage.java:351)
	at org.apache.poi.ooxml.util.PackageHelper.open(PackageHelper.java:64)
	at org.apache.poi.xssf.usermodel.XSSFWorkbook.<init>(XSSFWorkbook.java:313)
	at org.apache.poi.xssf.usermodel.XSSFWorkbook.<init>(XSSFWorkbook.java:287)
	at org.example.BuildNull.build(BuildNull.java:130)
	at org.example.BuildNull.main(BuildNull.java:284)
Caused by: java.util.zip.ZipException: Unexpected record signature: 0xd2849280
	at org.apache.commons.compress.archivers.zip.ZipArchiveInputStream.getNextZipEntry(ZipArchiveInputStream.java:770)
	at org.apache.poi.openxml4j.util.ZipArchiveThresholdInputStream.getNextEntry(ZipArchiveThresholdInputStream.java:150)
	... 8 more

2025-10-31 20:12:49.769 WARN  org.example.BuildNull - 目标文件已损坏，删除并重新复制模板: path_to_your_file.xlsx
2025-10-31 20:12:49.777 INFO  org.example.BuildNull - 模板复制完成: path_to_your_file.xlsx
2025-10-31 20:12:49.785 ERROR org.example.BuildNull - 复制后仍无法打开，回退创建新工作簿 | NotOfficeXmlFileException: No valid entries or contents found, this is not a valid OOXML (Office Open XML) file
org.apache.poi.openxml4j.exceptions.NotOfficeXmlFileException: No valid entries or contents found, this is not a valid OOXML (Office Open XML) file
	at org.apache.poi.openxml4j.util.ZipArchiveThresholdInputStream.getNextEntry(ZipArchiveThresholdInputStream.java:159)
	at org.apache.poi.openxml4j.util.ZipInputStreamZipEntrySource.<init>(ZipInputStreamZipEntrySource.java:94)
	at org.apache.poi.openxml4j.opc.ZipPackage.<init>(ZipPackage.java:133)
	at org.apache.poi.openxml4j.opc.OPCPackage.open(OPCPackage.java:319)
	at org.apache.poi.xssf.usermodel.XSSFWorkbookFactory.create(XSSFWorkbookFactory.java:97)
	at org.apache.poi.xssf.usermodel.XSSFWorkbookFactory.create(XSSFWorkbookFactory.java:36)
	at org.apache.poi.ss.usermodel.WorkbookFactory.lambda$create$2(WorkbookFactory.java:224)
	at org.apache.poi.ss.usermodel.WorkbookFactory.wp(WorkbookFactory.java:329)
	at org.apache.poi.ss.usermodel.WorkbookFactory.create(WorkbookFactory.java:224)
	at org.apache.poi.ss.usermodel.WorkbookFactory.create(WorkbookFactory.java:185)
	at org.example.BuildNull.build(BuildNull.java:98)
	at org.example.BuildNull.main(BuildNull.java:301)
Caused by: java.util.zip.ZipException: Unexpected record signature: 0xd2849280
	at org.apache.commons.compress.archivers.zip.ZipArchiveInputStream.getNextZipEntry(ZipArchiveInputStream.java:770)
	at org.apache.poi.openxml4j.util.ZipArchiveThresholdInputStream.getNextEntry(ZipArchiveThresholdInputStream.java:150)
	... 11 more

2025-10-31 20:12:50.409 DEBUG org.example.BuildNull - dataRowOffset=1
2025-10-31 20:12:50.727 INFO  org.example.BuildNull - 构建完成: path_to_your_file.xlsx
2025-10-31 20:13:10.779 WARN  org.example.BuildNull - 模板文件缺失，创建空工作簿替代。
2025-10-31 20:13:11.963 DEBUG org.example.BuildNull - dataRowOffset=1
2025-10-31 20:13:12.038 INFO  org.example.BuildNull - 构建完成: path_to_your_file.xlsx
2025-10-31 20:13:35.158 DEBUG org.example.DataLoader - 使用随机数据构建源文件
2025-10-31 20:13:36.003 DEBUG org.example.BuildNull - dataRowOffset=1
2025-10-31 20:13:36.235 INFO  org.example.BuildNull - 构建完成: path_to_your_file.xlsx
2025-10-31 20:13:36.780 INFO  org.example.BuildList - BuildList: 汇总完成 -> Build_Summary.xlsx
2025-10-31 20:13:36.812 INFO  org.example.TemplateInitializer - 初始化 newFile.xlsx 模板成功
2025-10-31 20:13:37.249 DEBUG org.example.StartupIntegrityChecker - 文件存在性: summary=true newFile=true db=true
2025-10-31 20:13:37.256 DEBUG org.example.StartupIntegrityChecker - 已加载学生数量=10 累计奖项数量=133
2025-10-31 20:13:37.256 DEBUG org.example.StartupIntegrityChecker - 已存在记录学生数=0 其中已全部录入=0 (recordMap size可能 > 统计数)
2025-10-31 20:13:37.256 INFO  org.example.StartupIntegrityChecker - 启动完整性检查完成
2025-10-31 20:16:03.484 DEBUG org.example.DataLoader - 从上次文件加载（不重建）: Build_Summary.xlsx
2025-10-31 20:16:04.789 DEBUG org.example.StartupIntegrityChecker - 文件存在性: summary=true newFile=true db=true
2025-10-31 20:16:04.796 DEBUG org.example.StartupIntegrityChecker - 已加载学生数量=10 累计奖项数量=133
2025-10-31 20:16:04.797 DEBUG org.example.StartupIntegrityChecker - 已存在记录学生数=0 其中已全部录入=0 (recordMap size可能 > 统计数)
2025-10-31 20:16:04.797 INFO  org.example.StartupIntegrityChecker - 启动完整性检查完成
2025-10-31 20:20:04.579 DEBUG org.example.DataLoader - 从上次文件加载（不重建）: Build_Summary.xlsx
2025-10-31 20:20:05.906 DEBUG org.example.StartupIntegrityChecker - 文件存在性: summary=true newFile=true db=true
2025-10-31 20:20:05.911 DEBUG org.example.StartupIntegrityChecker - 已加载学生数量=10 累计奖项数量=133
2025-10-31 20:20:05.911 DEBUG org.example.StartupIntegrityChecker - 已存在记录学生数=1 其中已全部录入=0 (recordMap size可能 > 统计数)
2025-10-31 20:20:05.912 INFO  org.example.StartupIntegrityChecker - 启动完整性检查完成
2025-10-31 20:24:31.843 DEBUG org.example.DataLoader - 从上次文件加载（不重建）: Build_Summary.xlsx
2025-10-31 20:24:33.160 DEBUG org.example.StartupIntegrityChecker - 文件存在性: summary=true newFile=true db=true
2025-10-31 20:24:33.166 DEBUG org.example.StartupIntegrityChecker - 已加载学生数量=10 累计奖项数量=133
2025-10-31 20:24:33.166 DEBUG org.example.StartupIntegrityChecker - 已存在记录学生数=1 其中已全部录入=0 (recordMap size可能 > 统计数)
2025-10-31 20:24:33.166 INFO  org.example.StartupIntegrityChecker - 启动完整性检查完成
2025-10-31 20:26:35.339 DEBUG org.example.DataLoader - 从上次文件加载（不重建）: Build_Summary.xlsx
2025-10-31 20:26:36.680 DEBUG org.example.StartupIntegrityChecker - 文件存在性: summary=true newFile=true db=true
2025-10-31 20:26:36.687 DEBUG org.example.StartupIntegrityChecker - 已加载学生数量=10 累计奖项数量=133
2025-10-31 20:26:36.687 DEBUG org.example.StartupIntegrityChecker - 已存在记录学生数=1 其中已全部录入=0 (recordMap size可能 > 统计数)
2025-10-31 20:26:36.687 INFO  org.example.StartupIntegrityChecker - 启动完整性检查完成
2025-10-31 20:37:15.434 DEBUG org.example.DataLoader - 从上次文件加载（不重建）: Build_Summary.xlsx
2025-10-31 20:37:16.759 DEBUG org.example.StartupIntegrityChecker - 文件存在性: summary=true newFile=true db=true
2025-10-31 20:37:16.763 DEBUG org.example.StartupIntegrityChecker - 已加载学生数量=10 累计奖项数量=133
2025-10-31 20:37:16.765 DEBUG org.example.StartupIntegrityChecker - 已存在记录学生数=3 其中已全部录入=1 (recordMap size可能 > 统计数)
2025-10-31 20:37:16.765 INFO  org.example.StartupIntegrityChecker - 启动完整性检查完成
2025-10-31 21:27:25.772 DEBUG org.example.app.DataLoader - 从上次文件加载(不重建): Build_Summary.xlsx
2025-10-31 21:27:27.086 DEBUG org.example.startup.StartupIntegrityChecker - 文件存在性: summary=true newFile=true db=true
2025-10-31 21:27:27.089 DEBUG org.example.startup.StartupIntegrityChecker - 已加载学生数量=10 累计奖项数量=133
2025-10-31 21:27:27.090 DEBUG org.example.startup.StartupIntegrityChecker - 已存在记录学生数=3 其中已全部录入=1 (recordMap size可能 > 统计数)
2025-10-31 21:27:27.090 INFO  org.example.startup.StartupIntegrityChecker - 启动完整性检查完成
2025-10-31 21:27:43.244 DEBUG org.example.ui.AwardDialog - 学生=32407751754 奖项索引=18 标签=省市 变化=0.5
2025-10-31 21:27:43.735 DEBUG org.example.ui.AwardDialog - 学生=32407751754 奖项索引=18 标签=国 变化=0.8
2025-10-31 21:27:44.153 DEBUG org.example.ui.AwardDialog - 学生=32407751754 奖项索引=18 标签=证书 变化=0.2
2025-10-31 22:00:12.864 DEBUG org.example.app.DataLoader - 使用随机数据构建源文件
2025-10-31 22:00:13.670 DEBUG org.example.build.BuildNull - dataRowOffset=1
2025-10-31 22:00:13.882 INFO  org.example.build.BuildNull - 构建完成: Raw_Source.xlsx
2025-10-31 22:00:14.402 INFO  org.example.build.BuildList - BuildList: 汇总完成 -> Awards_Summary.xlsx
2025-10-31 22:00:14.778 DEBUG org.example.startup.StartupIntegrityChecker - 文件存在性: summary=true newFile=true db=true
2025-10-31 22:00:14.785 DEBUG org.example.startup.StartupIntegrityChecker - 已加载学生数量=10 累计奖项数量=161
2025-10-31 22:00:14.786 DEBUG org.example.startup.StartupIntegrityChecker - 已存在记录学生数=0 其中已全部录入=0 (recordMap size可能 > 统计数)
2025-10-31 22:00:14.786 INFO  org.example.startup.StartupIntegrityChecker - 启动完整性检查完成
2025-10-31 22:58:52.817 DEBUG org.example.app.DataLoader - 使用随机数据构建源文件
2025-10-31 22:58:52.821 WARN  org.example.build.BuildNull - 模板文件缺失, 创建空工作簿替代。
2025-10-31 22:58:53.921 DEBUG org.example.build.BuildNull - dataRowOffset=1
2025-10-31 22:58:53.996 INFO  org.example.build.BuildNull - 构建完成: Raw_Source.xlsx
2025-10-31 22:58:54.471 INFO  org.example.build.BuildList - BuildList: 汇总完成 -> Awards_Summary.xlsx
2025-10-31 22:58:54.502 INFO  org.example.config.TemplateInitializer - 初始化模板成功
2025-10-31 22:58:54.915 DEBUG org.example.startup.StartupIntegrityChecker - 文件存在性: summary=true newFile=true db=true
2025-10-31 22:58:54.921 DEBUG org.example.startup.StartupIntegrityChecker - 已加载学生数量=10 累计奖项数量=108
2025-10-31 22:58:54.922 DEBUG org.example.startup.StartupIntegrityChecker - 已存在记录学生数=0 其中已全部录入=0 (recordMap size可能 > 统计数)
2025-10-31 22:58:54.922 INFO  org.example.startup.StartupIntegrityChecker - 启动完整性检查完成
2025-10-31 22:59:03.692 ERROR org.example.image.ImageLoader - Error loading image from https://via.placeholder.com/1200x800?text=Award+7 | UnknownHostException: via.placeholder.com
java.net.UnknownHostException: via.placeholder.com
	at java.base/java.net.InetAddress$CachedAddresses.get(InetAddress.java:801)
	at java.base/java.net.InetAddress$NameServiceAddresses.get(InetAddress.java:887)
	at java.base/java.net.InetAddress.getAllByName0(InetAddress.java:1532)
	at java.base/java.net.InetAddress.getAllByName(InetAddress.java:1384)
	at java.base/java.net.InetAddress.getAllByName(InetAddress.java:1305)
	at okhttp3.Dns$Companion$DnsSystem.lookup(Dns.kt:49)
	at okhttp3.internal.connection.RouteSelector.resetNextInetSocketAddress(RouteSelector.kt:169)
	at okhttp3.internal.connection.RouteSelector.nextProxy(RouteSelector.kt:131)
	at okhttp3.internal.connection.RouteSelector.next(RouteSelector.kt:73)
	at okhttp3.internal.connection.ExchangeFinder.findConnection(ExchangeFinder.kt:205)
	at okhttp3.internal.connection.ExchangeFinder.findHealthyConnection(ExchangeFinder.kt:106)
	at okhttp3.internal.connection.ExchangeFinder.find(ExchangeFinder.kt:74)
	at okhttp3.internal.connection.RealCall.initExchange$okhttp(RealCall.kt:255)
	at okhttp3.internal.connection.ConnectInterceptor.intercept(ConnectInterceptor.kt:32)
	at okhttp3.internal.http.RealInterceptorChain.proceed(RealInterceptorChain.kt:109)
	at okhttp3.internal.cache.CacheInterceptor.intercept(CacheInterceptor.kt:95)
	at okhttp3.internal.http.RealInterceptorChain.proceed(RealInterceptorChain.kt:109)
	at okhttp3.internal.http.BridgeInterceptor.intercept(BridgeInterceptor.kt:83)
	at okhttp3.internal.http.RealInterceptorChain.proceed(RealInterceptorChain.kt:109)
	at okhttp3.internal.http.RetryAndFollowUpInterceptor.intercept(RetryAndFollowUpInterceptor.kt:76)
	at okhttp3.internal.http.RealInterceptorChain.proceed(RealInterceptorChain.kt:109)
	at okhttp3.internal.connection.RealCall.getResponseWithInterceptorChain$okhttp(RealCall.kt:201)
	at okhttp3.internal.connection.RealCall.execute(RealCall.kt:154)
	at org.example.image.ImageLoader.lambda$loadImage$2(ImageLoader.java:31)
	at java.base/java.util.concurrent.Executors$RunnableAdapter.call(Executors.java:539)
	at java.base/java.util.concurrent.FutureTask.run(FutureTask.java:264)
	at java.base/java.util.concurrent.ThreadPoolExecutor.runWorker(ThreadPoolExecutor.java:1136)
	at java.base/java.util.concurrent.ThreadPoolExecutor$Worker.run(ThreadPoolExecutor.java:635)
	at java.base/java.lang.Thread.run(Thread.java:842)

2025-10-31 22:59:03.692 ERROR org.example.image.ImageLoader - Error loading image from https://via.placeholder.com/1200x800?text=Award+6 | UnknownHostException: 这是在主机名解析时通常出现的暂时错误，它意味着本地服务器没有从权威服务器上收到响应。 (via.placeholder.com)
java.net.UnknownHostException: 这是在主机名解析时通常出现的暂时错误，它意味着本地服务器没有从权威服务器上收到响应。 (via.placeholder.com)
	at java.base/java.net.Inet6AddressImpl.lookupAllHostAddr(Native Method)
	at java.base/java.net.InetAddress$PlatformNameService.lookupAllHostAddr(InetAddress.java:933)
	at java.base/java.net.InetAddress.getAddressesFromNameService(InetAddress.java:1543)
	at java.base/java.net.InetAddress$NameServiceAddresses.get(InetAddress.java:852)
	at java.base/java.net.InetAddress.getAllByName0(InetAddress.java:1532)
	at java.base/java.net.InetAddress.getAllByName(InetAddress.java:1384)
	at java.base/java.net.InetAddress.getAllByName(InetAddress.java:1305)
	at okhttp3.Dns$Companion$DnsSystem.lookup(Dns.kt:49)
	at okhttp3.internal.connection.RouteSelector.resetNextInetSocketAddress(RouteSelector.kt:169)
	at okhttp3.internal.connection.RouteSelector.nextProxy(RouteSelector.kt:131)
	at okhttp3.internal.connection.RouteSelector.next(RouteSelector.kt:73)
	at okhttp3.internal.connection.ExchangeFinder.findConnection(ExchangeFinder.kt:205)
	at okhttp3.internal.connection.ExchangeFinder.findHealthyConnection(ExchangeFinder.kt:106)
	at okhttp3.internal.connection.ExchangeFinder.find(ExchangeFinder.kt:74)
	at okhttp3.internal.connection.RealCall.initExchange$okhttp(RealCall.kt:255)
	at okhttp3.internal.connection.ConnectInterceptor.intercept(ConnectInterceptor.kt:32)
	at okhttp3.internal.http.RealInterceptorChain.proceed(RealInterceptorChain.kt:109)
	at okhttp3.internal.cache.CacheInterceptor.intercept(CacheInterceptor.kt:95)
	at okhttp3.internal.http.RealInterceptorChain.proceed(RealInterceptorChain.kt:109)
	at okhttp3.internal.http.BridgeInterceptor.intercept(BridgeInterceptor.kt:83)
	at okhttp3.internal.http.RealInterceptorChain.proceed(RealInterceptorChain.kt:109)
	at okhttp3.internal.http.RetryAndFollowUpInterceptor.intercept(RetryAndFollowUpInterceptor.kt:76)
	at okhttp3.internal.http.RealInterceptorChain.proceed(RealInterceptorChain.kt:109)
	at okhttp3.internal.connection.RealCall.getResponseWithInterceptorChain$okhttp(RealCall.kt:201)
	at okhttp3.internal.connection.RealCall.execute(RealCall.kt:154)
	at org.example.image.ImageLoader.lambda$loadImage$2(ImageLoader.java:31)
	at java.base/java.util.concurrent.Executors$RunnableAdapter.call(Executors.java:539)
	at java.base/java.util.concurrent.FutureTask.run(FutureTask.java:264)
	at java.base/java.util.concurrent.ThreadPoolExecutor.runWorker(ThreadPoolExecutor.java:1136)
	at java.base/java.util.concurrent.ThreadPoolExecutor$Worker.run(ThreadPoolExecutor.java:635)
	at java.base/java.lang.Thread.run(Thread.java:842)

2025-10-31 23:00:42.716 DEBUG org.example.app.DataLoader - 使用随机数据构建源文件
2025-10-31 23:00:42.722 WARN  org.example.build.BuildNull - 模板文件缺失, 创建空工作簿替代。
2025-10-31 23:00:43.766 DEBUG org.example.build.BuildNull - dataRowOffset=1
2025-10-31 23:00:43.840 INFO  org.example.build.BuildNull - 构建完成: Raw_Source.xlsx
2025-10-31 23:00:44.290 INFO  org.example.build.BuildList - BuildList: 汇总完成 -> Awards_Summary.xlsx
2025-10-31 23:00:44.324 INFO  org.example.config.TemplateInitializer - 初始化模板成功
2025-10-31 23:00:44.701 DEBUG org.example.startup.StartupIntegrityChecker - 文件存在性: summary=true newFile=true db=true
2025-10-31 23:00:44.707 DEBUG org.example.startup.StartupIntegrityChecker - 已加载学生数量=10 累计奖项数量=88
2025-10-31 23:00:44.708 DEBUG org.example.startup.StartupIntegrityChecker - 已存在记录学生数=0 其中已全部录入=0 (recordMap size可能 > 统计数)
2025-10-31 23:00:44.708 INFO  org.example.startup.StartupIntegrityChecker - 启动完整性检查完成
2025-10-31 23:00:50.199 DEBUG org.example.ui.AwardDialog - 学生=74954332674 奖项索引=1 标签=院 变化=0.2
2025-10-31 23:00:54.327 DEBUG org.example.ui.AwardDialog - 学生=74954332674 奖项索引=2 标签=校 变化=0.3
2025-10-31 23:00:55.680 DEBUG org.example.ui.AwardDialog - 学生=74954332674 奖项索引=3 标签=国 变化=0.8
2025-10-31 23:00:57.001 DEBUG org.example.ui.AwardDialog - 学生=74954332674 奖项索引=4 标签=校 变化=0.3
2025-10-31 23:00:58.685 DEBUG org.example.ui.AwardDialog - 学生=74954332674 奖项索引=5 标签=无 变化=0.0
2025-10-31 23:01:00.675 DEBUG org.example.ui.AwardDialog - 学生=74954332674 奖项索引=6 标签=无 变化=0.0
2025-10-31 23:01:02.064 DEBUG org.example.ui.AwardDialog - 学生=74954332674 奖项索引=5 标签=无 变化=0.0
2025-10-31 23:01:02.672 DEBUG org.example.ui.AwardDialog - 学生=74954332674 奖项索引=5 标签=无 变化=0.0
2025-10-31 23:01:02.840 DEBUG org.example.ui.AwardDialog - 学生=74954332674 奖项索引=5 标签=无 变化=0.0
2025-10-31 23:01:03.018 DEBUG org.example.ui.AwardDialog - 学生=74954332674 奖项索引=5 标签=无 变化=0.0
2025-10-31 23:01:03.184 DEBUG org.example.ui.AwardDialog - 学生=74954332674 奖项索引=5 标签=无 变化=0.0
2025-10-31 23:01:03.341 DEBUG org.example.ui.AwardDialog - 学生=74954332674 奖项索引=5 标签=无 变化=0.0
2025-10-31 23:01:07.328 DEBUG org.example.ui.AwardDialog - 学生=74954332674 奖项索引=5 标签=院 变化=0.2
2025-10-31 23:01:11.373 DEBUG org.example.ui.AwardDialog - 学生=74954332674 奖项索引=3 标签=无 变化=0.0
2025-10-31 23:01:15.250 DEBUG org.example.ui.AwardDialog - 学生=74954332674 奖项索引=6 标签=校 变化=0.3
2025-10-31 23:01:20.273 DEBUG org.example.ui.AwardDialog - 学生=23039353768 奖项索引=0 标签=无 变化=0.0
2025-10-31 23:02:19.515 DEBUG org.example.app.DataLoader - 从上次文件加载(不重建): Awards_Summary.xlsx
2025-10-31 23:02:20.823 DEBUG org.example.startup.StartupIntegrityChecker - 文件存在性: summary=true newFile=true db=true
2025-10-31 23:02:20.828 DEBUG org.example.startup.StartupIntegrityChecker - 已加载学生数量=10 累计奖项数量=88
2025-10-31 23:02:20.828 DEBUG org.example.startup.StartupIntegrityChecker - 已存在记录学生数=0 其中已全部录入=0 (recordMap size可能 > 统计数)
2025-10-31 23:02:20.828 INFO  org.example.startup.StartupIntegrityChecker - 启动完整性检查完成
2025-10-31 23:02:25.016 DEBUG org.example.ui.AwardDialog - 学生=17196494725 奖项索引=0 标签=国 变化=0.8
2025-10-31 23:02:26.859 DEBUG org.example.ui.AwardDialog - 学生=17196494725 奖项索引=1 标签=校 变化=0.3
2025-10-31 23:10:49.948 DEBUG org.example.app.DataLoader - 从上次文件加载(不重建): Awards_Summary.xlsx
2025-10-31 23:10:51.507 DEBUG org.example.startup.StartupIntegrityChecker - 文件存在性: summary=true newFile=true db=true
2025-10-31 23:10:51.510 DEBUG org.example.startup.StartupIntegrityChecker - 已加载学生数量=10 累计奖项数量=88
2025-10-31 23:10:51.511 DEBUG org.example.startup.StartupIntegrityChecker - 已存在记录学生数=0 其中已全部录入=0 (recordMap size可能 > 统计数)
2025-10-31 23:10:51.511 INFO  org.example.startup.StartupIntegrityChecker - 启动完整性检查完成
2025-10-31 23:10:55.009 DEBUG org.example.ui.AwardDialog - 学生=23039353768 奖项索引=0 标签=国 变化=0.8
2025-10-31 23:10:57.572 DEBUG org.example.ui.AwardDialog - 学生=23039353768 奖项索引=1 标签=校 变化=0.3
2025-10-31 23:10:59.142 DEBUG org.example.ui.AwardDialog - 学生=23039353768 奖项索引=2 标签=院 变化=0.2
